This is pdfTeX, Version 3.141592653-2.6-1.40.22 (TeX Live 2022/dev/Debian) (preloaded format=pdflatex 2024.3.8)  13 MAR 2024 16:11
entering extended mode
 restricted \write18 enabled.
 %&-line parsing enabled.
**main.tex
(./main.tex
LaTeX2e <2021-11-15> patch level 1
L3 programming layer <2022-01-21>
(/usr/share/texlive/texmf-dist/tex/latex/base/article.cls
Document Class: article 2021/10/04 v1.4n Standard LaTeX document class
(/usr/share/texlive/texmf-dist/tex/latex/base/size10.clo
File: size10.clo 2021/10/04 v1.4n Standard LaTeX file (size option)
)
\c@part=\count185
\c@section=\count186
\c@subsection=\count187
\c@subsubsection=\count188
\c@paragraph=\count189
\c@subparagraph=\count190
\c@figure=\count191
\c@table=\count192
\abovecaptionskip=\skip47
\belowcaptionskip=\skip48
\bibindent=\dimen138
)
(/usr/share/texlive/texmf-dist/tex/latex/amsmath/amsmath.sty
Package: amsmath 2021/10/15 v2.17l AMS math features
\@mathmargin=\skip49

For additional information on amsmath, use the `?' option.
(/usr/share/texlive/texmf-dist/tex/latex/amsmath/amstext.sty
Package: amstext 2021/08/26 v2.01 AMS text

(/usr/share/texlive/texmf-dist/tex/latex/amsmath/amsgen.sty
File: amsgen.sty 1999/11/30 v2.0 generic functions
\@emptytoks=\toks16
\ex@=\dimen139
))
(/usr/share/texlive/texmf-dist/tex/latex/amsmath/amsbsy.sty
Package: amsbsy 1999/11/29 v1.2d Bold Symbols
\pmbraise@=\dimen140
)
(/usr/share/texlive/texmf-dist/tex/latex/amsmath/amsopn.sty
Package: amsopn 2021/08/26 v2.02 operator names
)
\inf@bad=\count193
LaTeX Info: Redefining \frac on input line 234.
\uproot@=\count194
\leftroot@=\count195
LaTeX Info: Redefining \overline on input line 399.
\classnum@=\count196
\DOTSCASE@=\count197
LaTeX Info: Redefining \ldots on input line 496.
LaTeX Info: Redefining \dots on input line 499.
LaTeX Info: Redefining \cdots on input line 620.
\Mathstrutbox@=\box50
\strutbox@=\box51
\big@size=\dimen141
LaTeX Font Info:    Redeclaring font encoding OML on input line 743.
LaTeX Font Info:    Redeclaring font encoding OMS on input line 744.
\macc@depth=\count198
\c@MaxMatrixCols=\count199
\dotsspace@=\muskip16
\c@parentequation=\count266
\dspbrk@lvl=\count267
\tag@help=\toks17
\row@=\count268
\column@=\count269
\maxfields@=\count270
\andhelp@=\toks18
\eqnshift@=\dimen142
\alignsep@=\dimen143
\tagshift@=\dimen144
\tagwidth@=\dimen145
\totwidth@=\dimen146
\lineht@=\dimen147
\@envbody=\toks19
\multlinegap=\skip50
\multlinetaggap=\skip51
\mathdisplay@stack=\toks20
LaTeX Info: Redefining \[ on input line 2938.
LaTeX Info: Redefining \] on input line 2939.
)
(/usr/share/texlive/texmf-dist/tex/latex/amsfonts/amssymb.sty
Package: amssymb 2013/01/14 v3.01 AMS font symbols

(/usr/share/texlive/texmf-dist/tex/latex/amsfonts/amsfonts.sty
Package: amsfonts 2013/01/14 v3.01 Basic AMSFonts support
\symAMSa=\mathgroup4
\symAMSb=\mathgroup5
LaTeX Font Info:    Redeclaring math symbol \hbar on input line 98.
LaTeX Font Info:    Overwriting math alphabet `\mathfrak' in version `bold'
(Font)                  U/euf/m/n --> U/euf/b/n on input line 106.
))
(/usr/share/texlive/texmf-dist/tex/latex/geometry/geometry.sty
Package: geometry 2020/01/02 v5.9 Page Geometry

(/usr/share/texlive/texmf-dist/tex/latex/graphics/keyval.sty
Package: keyval 2014/10/28 v1.15 key=value parser (DPC)
\KV@toks@=\toks21
)
(/usr/share/texlive/texmf-dist/tex/generic/iftex/ifvtex.sty
Package: ifvtex 2019/10/25 v1.7 ifvtex legacy package. Use iftex instead.

(/usr/share/texlive/texmf-dist/tex/generic/iftex/iftex.sty
Package: iftex 2020/03/06 v1.0d TeX engine tests
))
\Gm@cnth=\count271
\Gm@cntv=\count272
\c@Gm@tempcnt=\count273
\Gm@bindingoffset=\dimen148
\Gm@wd@mp=\dimen149
\Gm@odd@mp=\dimen150
\Gm@even@mp=\dimen151
\Gm@layoutwidth=\dimen152
\Gm@layoutheight=\dimen153
\Gm@layouthoffset=\dimen154
\Gm@layoutvoffset=\dimen155
\Gm@dimlist=\toks22
)
(/usr/share/texlive/texmf-dist/tex/latex/graphics/graphicx.sty
Package: graphicx 2021/09/16 v1.2d Enhanced LaTeX Graphics (DPC,SPQR)

(/usr/share/texlive/texmf-dist/tex/latex/graphics/graphics.sty
Package: graphics 2021/03/04 v1.4d Standard LaTeX Graphics (DPC,SPQR)

(/usr/share/texlive/texmf-dist/tex/latex/graphics/trig.sty
Package: trig 2021/08/11 v1.11 sin cos tan (DPC)
)
(/usr/share/texlive/texmf-dist/tex/latex/graphics-cfg/graphics.cfg
File: graphics.cfg 2016/06/04 v1.11 sample graphics configuration
)
Package graphics Info: Driver file: pdftex.def on input line 107.

(/usr/share/texlive/texmf-dist/tex/latex/graphics-def/pdftex.def
File: pdftex.def 2020/10/05 v1.2a Graphics/color driver for pdftex
))
\Gin@req@height=\dimen156
\Gin@req@width=\dimen157
)
(/usr/share/texlive/texmf-dist/tex/latex/ragged2e/ragged2e.sty
Package: ragged2e 2021/12/15 v3.1 ragged2e Package


LaTeX Warning: Command \@arrayparboxrestore  has changed.
               Check if current package is valid.

(/usr/share/texlive/texmf-dist/tex/latex/footmisc/footmisc.sty
Package: footmisc 2011/06/06 v5.5b a miscellany of footnote facilities
\FN@temptoken=\toks23
\footnotemargin=\dimen158
\c@pp@next@reset=\count274
Package footmisc Info: Declaring symbol style bringhurst on input line 855.
Package footmisc Info: Declaring symbol style chicago on input line 863.
Package footmisc Info: Declaring symbol style wiley on input line 872.
Package footmisc Info: Declaring symbol style lamport-robust on input line 883.

Package footmisc Info: Declaring symbol style lamport* on input line 903.
Package footmisc Info: Declaring symbol style lamport*-robust on input line 924
.
)
\CenteringLeftskip=\skip52
\RaggedLeftLeftskip=\skip53
\RaggedRightLeftskip=\skip54
\CenteringRightskip=\skip55
\RaggedLeftRightskip=\skip56
\RaggedRightRightskip=\skip57
\CenteringParfillskip=\skip58
\RaggedLeftParfillskip=\skip59
\RaggedRightParfillskip=\skip60
\JustifyingParfillskip=\skip61
\CenteringParindent=\skip62
\RaggedLeftParindent=\skip63
\RaggedRightParindent=\skip64
\JustifyingParindent=\skip65
)
(/usr/share/texlive/texmf-dist/tex/latex/base/fontenc.sty
Package: fontenc 2021/04/29 v2.0v Standard LaTeX package
)
(/usr/share/texlive/texmf-dist/tex/latex/polski/polski.sty
Package: polski 2021/08/25 v1.3.6 Polish language package
)
(/usr/share/texlive/texmf-dist/tex/generic/babel/babel.sty
Package: babel 2022/01/26 3.70 The Babel package
\babel@savecnt=\count275
\U@D=\dimen159
\l@unhyphenated=\language8

(/usr/share/texlive/texmf-dist/tex/generic/babel/txtbabel.def)
\bbl@readstream=\read2
\bbl@dirlevel=\count276

(/usr/share/texlive/texmf-dist/tex/generic/babel-polish/polish.ldf
Language: polish 2005/03/31 v1.2l Polish support from the babel system
Package babel Info: Making " an active character on input line 83.
\pl@left=\dimen160
\pl@down=\dimen161
\pl@right=\dimen162
\pl@temp=\dimen163
))
(/usr/share/texlive/texmf-dist/tex/latex/caption/subcaption.sty
Package: subcaption 2020/10/07 v1.3j Sub-captions (AR)

(/usr/share/texlive/texmf-dist/tex/latex/caption/caption.sty
Package: caption 2020/10/26 v3.5g Customizing captions (AR)

(/usr/share/texlive/texmf-dist/tex/latex/caption/caption3.sty
Package: caption3 2020/10/21 v2.2e caption3 kernel (AR)
\captionmargin=\dimen164
\captionmargin@=\dimen165
\captionwidth=\dimen166
\caption@tempdima=\dimen167
\caption@indent=\dimen168
\caption@parindent=\dimen169
\caption@hangindent=\dimen170
Package caption Info: Standard document class detected.
)
\c@caption@flags=\count277
\c@continuedfloat=\count278
)
\c@subfigure=\count279
\c@subtable=\count280
)
(/usr/share/texlive/texmf-dist/tex/latex/base/inputenc.sty
Package: inputenc 2021/02/14 v1.3d Input encoding file
\inpenc@prehook=\toks24
\inpenc@posthook=\toks25
)
(/usr/share/texlive/texmf-dist/tex/latex/base/latexsym.sty
Package: latexsym 1998/08/17 v2.2e Standard LaTeX package (lasy symbols)
\symlasy=\mathgroup6
LaTeX Font Info:    Overwriting symbol font `lasy' in version `bold'
(Font)                  U/lasy/m/n --> U/lasy/b/n on input line 52.
)
(/usr/share/texlive/texmf-dist/tex/latex/tools/array.sty
Package: array 2021/10/04 v2.5f Tabular extension package (FMi)
\col@sep=\dimen171
\ar@mcellbox=\box52
\extrarowheight=\dimen172
\NC@list=\toks26
\extratabsurround=\skip66
\backup@length=\skip67
\ar@cellbox=\box53
)
(/usr/share/texlive/texmf-dist/tex/latex/hyperref/hyperref.sty
Package: hyperref 2021-06-07 v7.00m Hypertext links for LaTeX

(/usr/share/texlive/texmf-dist/tex/generic/ltxcmds/ltxcmds.sty
Package: ltxcmds 2020-05-10 v1.25 LaTeX kernel commands for general use (HO)
)
(/usr/share/texlive/texmf-dist/tex/generic/pdftexcmds/pdftexcmds.sty
Package: pdftexcmds 2020-06-27 v0.33 Utility functions of pdfTeX for LuaTeX (HO
)

(/usr/share/texlive/texmf-dist/tex/generic/infwarerr/infwarerr.sty
Package: infwarerr 2019/12/03 v1.5 Providing info/warning/error messages (HO)
)
Package pdftexcmds Info: \pdf@primitive is available.
Package pdftexcmds Info: \pdf@ifprimitive is available.
Package pdftexcmds Info: \pdfdraftmode found.
)
(/usr/share/texlive/texmf-dist/tex/generic/kvsetkeys/kvsetkeys.sty
Package: kvsetkeys 2019/12/15 v1.18 Key value parser (HO)
)
(/usr/share/texlive/texmf-dist/tex/generic/kvdefinekeys/kvdefinekeys.sty
Package: kvdefinekeys 2019-12-19 v1.6 Define keys (HO)
)
(/usr/share/texlive/texmf-dist/tex/generic/pdfescape/pdfescape.sty
Package: pdfescape 2019/12/09 v1.15 Implements pdfTeX's escape features (HO)
)
(/usr/share/texlive/texmf-dist/tex/latex/hycolor/hycolor.sty
Package: hycolor 2020-01-27 v1.10 Color options for hyperref/bookmark (HO)
)
(/usr/share/texlive/texmf-dist/tex/latex/letltxmacro/letltxmacro.sty
Package: letltxmacro 2019/12/03 v1.6 Let assignment for LaTeX macros (HO)
)
(/usr/share/texlive/texmf-dist/tex/latex/auxhook/auxhook.sty
Package: auxhook 2019-12-17 v1.6 Hooks for auxiliary files (HO)
)
(/usr/share/texlive/texmf-dist/tex/latex/kvoptions/kvoptions.sty
Package: kvoptions 2020-10-07 v3.14 Key value format for package options (HO)
)
\@linkdim=\dimen173
\Hy@linkcounter=\count281
\Hy@pagecounter=\count282

(/usr/share/texlive/texmf-dist/tex/latex/hyperref/pd1enc.def
File: pd1enc.def 2021-06-07 v7.00m Hyperref: PDFDocEncoding definition (HO)
Now handling font encoding PD1 ...
... no UTF-8 mapping file for font encoding PD1
)
(/usr/share/texlive/texmf-dist/tex/latex/hyperref/hyperref-langpatches.def
File: hyperref-langpatches.def 2021-06-07 v7.00m Hyperref: patches for babel la
nguages
)
(/usr/share/texlive/texmf-dist/tex/generic/intcalc/intcalc.sty
Package: intcalc 2019/12/15 v1.3 Expandable calculations with integers (HO)
)
(/usr/share/texlive/texmf-dist/tex/generic/etexcmds/etexcmds.sty
Package: etexcmds 2019/12/15 v1.7 Avoid name clashes with e-TeX commands (HO)
)
\Hy@SavedSpaceFactor=\count283

(/usr/share/texlive/texmf-dist/tex/latex/hyperref/puenc.def
File: puenc.def 2021-06-07 v7.00m Hyperref: PDF Unicode definition (HO)
Now handling font encoding PU ...
... no UTF-8 mapping file for font encoding PU
)
Package hyperref Info: Hyper figures OFF on input line 4192.
Package hyperref Info: Link nesting OFF on input line 4197.
Package hyperref Info: Hyper index ON on input line 4200.
Package hyperref Info: Plain pages OFF on input line 4207.
Package hyperref Info: Backreferencing OFF on input line 4212.
Package hyperref Info: Implicit mode ON; LaTeX internals redefined.
Package hyperref Info: Bookmarks ON on input line 4445.
\c@Hy@tempcnt=\count284

(/usr/share/texlive/texmf-dist/tex/latex/url/url.sty
\Urlmuskip=\muskip17
Package: url 2013/09/16  ver 3.4  Verb mode for urls, etc.
)
LaTeX Info: Redefining \url on input line 4804.
\XeTeXLinkMargin=\dimen174

(/usr/share/texlive/texmf-dist/tex/generic/bitset/bitset.sty
Package: bitset 2019/12/09 v1.3 Handle bit-vector datatype (HO)

(/usr/share/texlive/texmf-dist/tex/generic/bigintcalc/bigintcalc.sty
Package: bigintcalc 2019/12/15 v1.5 Expandable calculations on big integers (HO
)
))
\Fld@menulength=\count285
\Field@Width=\dimen175
\Fld@charsize=\dimen176
Package hyperref Info: Hyper figures OFF on input line 6076.
Package hyperref Info: Link nesting OFF on input line 6081.
Package hyperref Info: Hyper index ON on input line 6084.
Package hyperref Info: backreferencing OFF on input line 6091.
Package hyperref Info: Link coloring OFF on input line 6096.
Package hyperref Info: Link coloring with OCG OFF on input line 6101.
Package hyperref Info: PDF/A mode OFF on input line 6106.
LaTeX Info: Redefining \ref on input line 6146.
LaTeX Info: Redefining \pageref on input line 6150.

(/usr/share/texlive/texmf-dist/tex/latex/base/atbegshi-ltx.sty
Package: atbegshi-ltx 2021/01/10 v1.0c Emulation of the original atbegshi
package with kernel methods
)
\Hy@abspage=\count286
\c@Item=\count287
\c@Hfootnote=\count288
)
Package hyperref Info: Driver (autodetected): hpdftex.

(/usr/share/texlive/texmf-dist/tex/latex/hyperref/hpdftex.def
File: hpdftex.def 2021-06-07 v7.00m Hyperref driver for pdfTeX

(/usr/share/texlive/texmf-dist/tex/latex/base/atveryend-ltx.sty
Package: atveryend-ltx 2020/08/19 v1.0a Emulation of the original atveryend pac
kage
with kernel methods
)
\Fld@listcount=\count289
\c@bookmark@seq@number=\count290

(/usr/share/texlive/texmf-dist/tex/latex/rerunfilecheck/rerunfilecheck.sty
Package: rerunfilecheck 2019/12/05 v1.9 Rerun checks for auxiliary files (HO)

(/usr/share/texlive/texmf-dist/tex/generic/uniquecounter/uniquecounter.sty
Package: uniquecounter 2019/12/15 v1.4 Provide unlimited unique counter (HO)
)
Package uniquecounter Info: New unique counter `rerunfilecheck' on input line 2
86.
)
\Hy@SectionHShift=\skip68
)
(/usr/share/texlive/texmf-dist/tex/latex/fancyhdr/fancyhdr.sty
Package: fancyhdr 2021/01/28 v4.0.1 Extensive control of page headers and foote
rs
\f@nch@headwidth=\skip69
\f@nch@O@elh=\skip70
\f@nch@O@erh=\skip71
\f@nch@O@olh=\skip72
\f@nch@O@orh=\skip73
\f@nch@O@elf=\skip74
\f@nch@O@erf=\skip75
\f@nch@O@olf=\skip76
\f@nch@O@orf=\skip77
)
(/usr/share/texlive/texmf-dist/tex/latex/lastpage/lastpage.sty
Package: lastpage 2021/09/03 v1.2n Refers to last page's name (HMM; JPG)
)
(/usr/share/texlive/texmf-dist/tex/latex/mathtools/mathtools.sty
Package: mathtools 2021/02/02 v1.28 mathematical typesetting tools

(/usr/share/texlive/texmf-dist/tex/latex/tools/calc.sty
Package: calc 2017/05/25 v4.3 Infix arithmetic (KKT,FJ)
\calc@Acount=\count291
\calc@Bcount=\count292
\calc@Adimen=\dimen177
\calc@Bdimen=\dimen178
\calc@Askip=\skip78
\calc@Bskip=\skip79
LaTeX Info: Redefining \setlength on input line 80.
LaTeX Info: Redefining \addtolength on input line 81.
\calc@Ccount=\count293
\calc@Cskip=\skip80
)
(/usr/share/texlive/texmf-dist/tex/latex/mathtools/mhsetup.sty
Package: mhsetup 2021/03/18 v1.4 programming setup (MH)
)
\g_MT_multlinerow_int=\count294
\l_MT_multwidth_dim=\dimen179
\origjot=\skip81
\l_MT_shortvdotswithinadjustabove_dim=\dimen180
\l_MT_shortvdotswithinadjustbelow_dim=\dimen181
\l_MT_above_intertext_sep=\dimen182
\l_MT_below_intertext_sep=\dimen183
\l_MT_above_shortintertext_sep=\dimen184
\l_MT_below_shortintertext_sep=\dimen185
\xmathstrut@box=\box54
\xmathstrut@dim=\dimen186
)
(/usr/share/texlive/texmf-dist/tex/latex/pdfpages/pdfpages.sty
Package: pdfpages 2022/01/29 v0.5u Insert pages of external PDF documents (AM)

(/usr/share/texlive/texmf-dist/tex/latex/base/ifthen.sty
Package: ifthen 2020/11/24 v1.1c Standard LaTeX ifthen package (DPC)
)
(/usr/share/texlive/texmf-dist/tex/latex/eso-pic/eso-pic.sty
Package: eso-pic 2020/10/14 v3.0a eso-pic (RN)
\ESO@tempdima=\dimen187
\ESO@tempdimb=\dimen188

(/usr/share/texlive/texmf-dist/tex/latex/xcolor/xcolor.sty
Package: xcolor 2021/10/31 v2.13 LaTeX color extensions (UK)

(/usr/share/texlive/texmf-dist/tex/latex/graphics-cfg/color.cfg
File: color.cfg 2016/01/02 v1.6 sample color configuration
)
Package xcolor Info: Driver file: pdftex.def on input line 227.
Package xcolor Info: Model `cmy' substituted by `cmy0' on input line 1352.
Package xcolor Info: Model `hsb' substituted by `rgb' on input line 1356.
Package xcolor Info: Model `RGB' extended on input line 1368.
Package xcolor Info: Model `HTML' substituted by `rgb' on input line 1370.
Package xcolor Info: Model `Hsb' substituted by `hsb' on input line 1371.
Package xcolor Info: Model `tHsb' substituted by `hsb' on input line 1372.
Package xcolor Info: Model `HSB' substituted by `hsb' on input line 1373.
Package xcolor Info: Model `Gray' substituted by `gray' on input line 1374.
Package xcolor Info: Model `wave' substituted by `hsb' on input line 1375.
))
\AM@pagewidth=\dimen189
\AM@pageheight=\dimen190
\AM@fboxrule=\dimen191

(/usr/share/texlive/texmf-dist/tex/latex/pdfpages/pppdftex.def
File: pppdftex.def 2022/01/29 v0.5u Pdfpages driver for pdfTeX (AM)
)
\pdfpages@includegraphics@status=\count295
\AM@pagebox=\box55
\AM@global@opts=\toks27
\AM@pagecnt=\count296
\AM@toc@title=\toks28
\c@AM@survey=\count297
\AM@templatesizebox=\box56
)
(/usr/share/texlive/texmf-dist/tex/latex/tabularray/tabularray.sty
(/usr/share/texlive/texmf-dist/tex/latex/l3kernel/expl3.sty
Package: expl3 2022-01-21 L3 programming layer (loader) 

(/usr/share/texlive/texmf-dist/tex/latex/l3backend/l3backend-pdftex.def
File: l3backend-pdftex.def 2022-01-12 L3 backend support: PDF output (pdfTeX)
\l__color_backend_stack_int=\count298
\l__pdf_internal_box=\box57
))
Package: tabularray 2021-12-01 v2021Q Typeset tabulars and arrays with LaTeX3

(/usr/share/texlive/texmf-dist/tex/latex/l3packages/xparse/xparse.sty
Package: xparse 2022-01-12 L3 Experimental document command parser
)
\l__tblr_a_int=\count299
\l__tblr_c_int=\count300
\l__tblr_r_int=\count301
\l__tblr_d_dim=\dimen192
\l__tblr_h_dim=\dimen193
\l__tblr_o_dim=\dimen194
\l__tblr_p_dim=\dimen195
\l__tblr_q_dim=\dimen196
\l__tblr_r_dim=\dimen197
\l__tblr_s_dim=\dimen198
\l__tblr_t_dim=\dimen199
\l__tblr_v_dim=\dimen256
\l__tblr_w_dim=\dimen257
\l__tblr_a_box=\box58
\l__tblr_b_box=\box59
\l__tblr_c_box=\box60
\l__tblr_d_box=\box61
\g__tblr_table_count_int=\count302
\c@rownum=\count303
\c@colnum=\count304
\c@rowcount=\count305
\c@colcount=\count306
\abovesep=\dimen258
\belowsep=\dimen259
\leftsep=\dimen260
\rightsep=\dimen261
\g_tblr_level_int=\count307
\g__tblr_data_row_key_count_int=\count308
\g__tblr_data_column_key_count_int=\count309
\g__tblr_data_cell_key_count_int=\count310
\g__tblr_array_int=\count311
\l__tblr_key_count_int=\count312
\l__tblr_key_quotient_int=\count313
\l__tblr_key_quotient_two_int=\count314
\l__tblr_key_remainder_int=\count315
\g__tblr_data_str_value_count_int=\count316
\rulewidth=\dimen262
\l__multicolumn_cell_number_int=\count317
\l__tblr_strut_ht_box=\box62
\l__tblr_strut_dp_box=\box63
\g__tblr_cell_wd_dim=\dimen263
\g__tblr_cell_ht_dim=\dimen264
\g__tblr_cell_head_dim=\dimen265
\g__tblr_cell_foot_dim=\dimen266
\l__column_target_dim=\dimen267
\l__tblr_caption_box=\box64
\l__tblr_caption_left_box=\box65
\l__tblr_row_head_box=\box66
\l__tblr_row_foot_box=\box67
\l__tblr_row_head_foot_dim=\dimen268
\tablewidth=\dimen269
\l__tblr_table_firsthead_box=\box68
\l__tblr_table_middlehead_box=\box69
\l__tblr_table_lasthead_box=\box70
\l__tblr_table_firstfoot_box=\box71
\l__tblr_table_middlefoot_box=\box72
\l__tblr_table_lastfoot_box=\box73
\l__tblr_remain_height_dim=\dimen270
\l__tblr_long_from_int=\count318
\l__tblr_long_to_int=\count319
\l__tblr_curr_i_int=\count320
\l__tblr_prev_i_int=\count321
\l__tblr_table_page_int=\count322
\l__tblr_table_head_box=\box74
\l__tblr_table_foot_box=\box75
\l__tblr_table_head_foot_dim=\dimen271
\l__tblr_table_head_body_foot_dim=\dimen272
\l__tblr_table_box=\box76
\l__tblr_table_hlines_box=\box77
\l__tblr_hline_box=\box78
\l__tblr_row_box=\box79
\l__tblr_col_o_wd_dim=\dimen273
\l__tblr_col_b_wd_dim=\dimen274
\l__tblr_hline_leftskip_dim=\dimen275
\l__tblr_hline_rightskip_dim=\dimen276
\l__tblr_row_ht_dim=\dimen277
\l__tblr_row_dp_dim=\dimen278
\l__tblr_row_abovesep_dim=\dimen279
\l__tblr_row_belowsep_dim=\dimen280
\l__tblr_row_vlines_box=\box80
\l__tblr_vline_box=\box81
\l__tblr_cell_box=\box82
\l__row_upper_dim=\dimen281
\l__row_lower_dim=\dimen282
\l__row_vpace_dim=\dimen283
\l__tblr_vline_aboveskip_dim=\dimen284
\l__tblr_vline_belowskip_dim=\dimen285
\l__tblr_cell_wd_dim=\dimen286
\l__tblr_cell_ht_dim=\dimen287
\l__tblr_diag_box=\box83
)
(/usr/share/texlive/texmf-dist/tex/latex/changepage/changepage.sty
Package: changepage 2009/10/20 v1.0c check page and change page layout
\c@cp@cntr=\count323
\cp@tempcnt=\count324
)
(/usr/share/texlive/texmf-dist/tex/latex/esdiff/esdiff.sty
Package: esdiff 
)
(/usr/share/texlive/texmf-dist/tex/latex/was/gensymb.sty
Package: gensymb 2003/07/02 v1.0 (WaS)
)
(/usr/share/texlive/texmf-dist/tex/latex/breqn/breqn.sty
Package: breqn 2021/10/28 v0.98l Breaking equations

(/usr/share/texlive/texmf-dist/tex/latex/breqn/flexisym.sty
Package: flexisym 2021/10/28 v0.98l Make math characters macros
LaTeX Info: Redefining \textprime on input line 299.
LaTeX Info: Redefining \not on input line 357.

(/usr/share/texlive/texmf-dist/tex/latex/breqn/cmbase.sym
File: cmbase.sym 2007/12/19 v0.92
LaTeX Info: Redefining \hbar on input line 324.
LaTeX Info: Redefining \surd on input line 326.
LaTeX Info: Redefining \angle on input line 334.
LaTeX Info: Redefining \neq on input line 335.
LaTeX Info: Redefining \mapsto on input line 336.
LaTeX Info: Redefining \cong on input line 337.
LaTeX Info: Redefining \notin on input line 340.
LaTeX Info: Redefining \rightleftharpoons on input line 341.
LaTeX Info: Redefining \doteq on input line 342.
LaTeX Info: Redefining \hookrightarrow on input line 343.
LaTeX Info: Redefining \hookleftarrow on input line 344.
LaTeX Info: Redefining \bowtie on input line 345.
LaTeX Info: Redefining \models on input line 346.
LaTeX Info: Redefining \Longrightarrow on input line 347.
LaTeX Info: Redefining \longrightarrow on input line 348.
LaTeX Info: Redefining \Longleftarrow on input line 349.
LaTeX Info: Redefining \longleftarrow on input line 350.
LaTeX Info: Redefining \longmapsto on input line 351.
LaTeX Info: Redefining \longleftrightarrow on input line 352.
LaTeX Info: Redefining \Longleftrightarrow on input line 353.
LaTeX Info: Redefining \cdots on input line 357.
LaTeX Info: Redefining \vdots on input line 360.
LaTeX Info: Redefining \ddots on input line 365.
)
(/usr/share/texlive/texmf-dist/tex/latex/breqn/mathstyle.sty
Package: mathstyle 2021/10/28 v0.98l Tracking mathstyle implicitly
LaTeX Info: Redefining \displaystyle on input line 95.
LaTeX Info: Redefining \textstyle on input line 97.
LaTeX Info: Redefining \scriptstyle on input line 99.
LaTeX Info: Redefining \scriptscriptstyle on input line 101.
LaTeX Info: Redefining \genfrac on input line 149.
))
\inf@bad=\count325
\maxint=\count326
\listwidth=\dimen288
\eqnumsep=\dimen289
\eqmargin=\dimen290
\eqlinespacing=\skip82
\eqlineskip=\skip83
\eqlineskiplimit=\dimen291
\eqbinoffset=\muskip18
\eqdelimoffset=\muskip19
\eqindentstep=\dimen292
\eqstyle=\toks29
\eqbreakdepth=\count327
\eqinterlinepenalty=\count328
\intereqpenalty=\count329
\intereqskip=\skip84
\prerelpenalty=\count330
\prebinoppenalty=\count331
\Dmedmuskip=\muskip20
\Dthickmuskip=\muskip21
\eqleftskip=\skip85
\eqrightskip=\skip86
\eq@vspan=\skip87
\eq@binoffset=\muskip22
\EQ@box=\box84
\EQ@copy=\box85
\EQ@numbox=\box86
\eq@wdNum=\dimen293
\GRP@numbox=\box87
\grp@wdNum=\dimen294
\eq@lines=\count332
\eq@curline=\count333
\eq@badness=\count334
\EQ@vims=\count335
\eq@dp=\dimen295
\eq@wdL=\dimen296
\eq@wdT=\dimen297
\eq@wdMin=\dimen298
\grp@wdL=\dimen299
\grp@wdR=\dimen300
\grp@wdT=\dimen301
\eq@wdRmax=\dimen302
\eq@firstht=\dimen303
\eq@wdCond=\dimen304
\eq@indentstep=\dimen305
\eq@linewidth=\dimen306
\grp@linewidth=\dimen307
\eq@hshift=\dimen308
\eq@given@sidespace=\dimen309
\mathindent=\dimen310
\eq@final@linecount=\count336
\eq@wdR=\dimen311
\EQ@continue=\toks30
\lr@level=\count337
\GRP@queue=\toks31
\GRP@box=\box88
\GRP@wholebox=\box89
\darraycolsep=\skip88
\cur@row=\count338
\cur@col=\count339
\conditionsep=\skip89
)
(/usr/share/texlive/texmf-dist/tex/latex/tools/longtable.sty
Package: longtable 2021-09-01 v4.17 Multi-page Table package (DPC)
\LTleft=\skip90
\LTright=\skip91
\LTpre=\skip92
\LTpost=\skip93
\LTchunksize=\count340
\LTcapwidth=\dimen312
\LT@head=\box90
\LT@firsthead=\box91
\LT@foot=\box92
\LT@lastfoot=\box93
\LT@gbox=\box94
\LT@cols=\count341
\LT@rows=\count342
\c@LT@tables=\count343
\c@LT@chunks=\count344
\LT@p@ftn=\toks32
)
(/usr/share/texlive/texmf-dist/tex/latex/listings/listings.sty
\lst@mode=\count345
\lst@gtempboxa=\box95
\lst@token=\toks33
\lst@length=\count346
\lst@currlwidth=\dimen313
\lst@column=\count347
\lst@pos=\count348
\lst@lostspace=\dimen314
\lst@width=\dimen315
\lst@newlines=\count349
\lst@lineno=\count350
\lst@maxwidth=\dimen316

(/usr/share/texlive/texmf-dist/tex/latex/listings/lstmisc.sty
File: lstmisc.sty 2020/03/24 1.8d (Carsten Heinz)
\c@lstnumber=\count351
\lst@skipnumbers=\count352
\lst@framebox=\box96
)
(/usr/share/texlive/texmf-dist/tex/latex/listings/listings.cfg
File: listings.cfg 2020/03/24 1.8d listings configuration
))
Package: listings 2020/03/24 1.8d (Carsten Heinz)
 (./main.aux)
\openout1 = `main.aux'.

LaTeX Font Info:    Checking defaults for OML/cmm/m/it on input line 70.
LaTeX Font Info:    ... okay on input line 70.
LaTeX Font Info:    Checking defaults for OMS/cmsy/m/n on input line 70.
LaTeX Font Info:    ... okay on input line 70.
LaTeX Font Info:    Checking defaults for OT1/cmr/m/n on input line 70.
LaTeX Font Info:    ... okay on input line 70.
LaTeX Font Info:    Checking defaults for T1/cmr/m/n on input line 70.
LaTeX Font Info:    ... okay on input line 70.
LaTeX Font Info:    Checking defaults for TS1/cmr/m/n on input line 70.
LaTeX Font Info:    ... okay on input line 70.
LaTeX Font Info:    Checking defaults for OMX/cmex/m/n on input line 70.
LaTeX Font Info:    ... okay on input line 70.
LaTeX Font Info:    Checking defaults for U/cmr/m/n on input line 70.
LaTeX Font Info:    ... okay on input line 70.
LaTeX Font Info:    Checking defaults for PD1/pdf/m/n on input line 70.
LaTeX Font Info:    ... okay on input line 70.
LaTeX Font Info:    Checking defaults for PU/pdf/m/n on input line 70.
LaTeX Font Info:    ... okay on input line 70.

*geometry* driver: auto-detecting
*geometry* detected driver: pdftex
*geometry* verbose mode - [ preamble ] result:
* driver: pdftex
* paper: <default>
* layout: <same size as paper>
* layoutoffset:(h,v)=(0.0pt,0.0pt)
* modes: 
* h-part:(L,W,R)=(92.14519pt, 430.00462pt, 92.14519pt)
* v-part:(T,H,B)=(95.39737pt, 556.47656pt, 143.09605pt)
* \paperwidth=614.295pt
* \paperheight=794.96999pt
* \textwidth=430.00462pt
* \textheight=556.47656pt
* \oddsidemargin=19.8752pt
* \evensidemargin=19.8752pt
* \topmargin=-13.87262pt
* \headheight=12.0pt
* \headsep=25.0pt
* \topskip=10.0pt
* \footskip=30.0pt
* \marginparwidth=65.0pt
* \marginparsep=11.0pt
* \columnsep=10.0pt
* \skip\footins=9.0pt plus 4.0pt minus 2.0pt
* \hoffset=0.0pt
* \voffset=0.0pt
* \mag=1000
* \@twocolumnfalse
* \@twosidefalse
* \@mparswitchfalse
* \@reversemarginfalse
* (1in=72.27pt=25.4mm, 1cm=28.453pt)

(/usr/share/texlive/texmf-dist/tex/context/base/mkii/supp-pdf.mkii
[Loading MPS to PDF converter (version 2006.09.02).]
\scratchcounter=\count353
\scratchdimen=\dimen317
\scratchbox=\box97
\nofMPsegments=\count354
\nofMParguments=\count355
\everyMPshowfont=\toks34
\MPscratchCnt=\count356
\MPscratchDim=\dimen318
\MPnumerator=\count357
\makeMPintoPDFobject=\count358
\everyMPtoPDFconversion=\toks35
) (/usr/share/texlive/texmf-dist/tex/latex/epstopdf-pkg/epstopdf-base.sty
Package: epstopdf-base 2020-01-24 v2.11 Base part for package epstopdf
Package epstopdf-base Info: Redefining graphics rule for `.eps' on input line 4
85.

(/usr/share/texlive/texmf-dist/tex/latex/latexconfig/epstopdf-sys.cfg
File: epstopdf-sys.cfg 2010/07/13 v1.3 Configuration of (r)epstopdf for TeX Liv
e
))
Package ragged2e Info: ABD: executing \RaggedRight on input line 70.
Package caption Info: Begin \AtBeginDocument code.
Package caption Info: changepage package is loaded.
\caption@adjustwidth@hsize=\dimen319
\caption@adjustwidth@linewidth=\dimen320
Package caption Info: hyperref package is loaded.
Package caption Info: listings package is loaded.
Package caption Info: longtable package is loaded.

(/usr/share/texlive/texmf-dist/tex/latex/caption/ltcaption.sty
Package: ltcaption 2020/05/30 v1.4b longtable captions (AR)
)
Package caption Info: End \AtBeginDocument code.
Package hyperref Info: Link coloring OFF on input line 70.

(/usr/share/texlive/texmf-dist/tex/latex/hyperref/nameref.sty
Package: nameref 2021-04-02 v2.47 Cross-referencing by name of section

(/usr/share/texlive/texmf-dist/tex/latex/refcount/refcount.sty
Package: refcount 2019/12/15 v3.6 Data extraction from label references (HO)
)
(/usr/share/texlive/texmf-dist/tex/generic/gettitlestring/gettitlestring.sty
Package: gettitlestring 2019/12/15 v1.6 Cleanup title references (HO)
)
\c@section@level=\count359
)
LaTeX Info: Redefining \ref on input line 70.
LaTeX Info: Redefining \pageref on input line 70.
LaTeX Info: Redefining \nameref on input line 70.

(./main.out) (./main.out)
\@outlinefile=\write3
\openout3 = `main.out'.

Package lastpage Info: Please have a look at the pageslts package at
(lastpage)             https://www.ctan.org/pkg/pageslts
(lastpage)             ! on input line 70.

(/usr/share/texlive/texmf-dist/tex/latex/pdflscape/pdflscape.sty
Package: pdflscape 2019/12/05 v0.12 Display of landscape pages in PDF (HO)

(/usr/share/texlive/texmf-dist/tex/latex/graphics/lscape.sty
Package: lscape 2020/05/28 v3.02 Landscape Pages (DPC)
)
Package pdflscape Info: Auto-detected driver: pdftex on input line 81.
)
(/usr/share/texlive/texmf-dist/tex/latex/ninecolors/ninecolors.sty
Package: ninecolors 2021/05/24 v2021C Select colors with proper color contrast
)
LaTeX Info: Redefining \celsius on input line 70.
Package gensymb Info: Faking symbols for \degree and \celsius on input line 70.



Package gensymb Warning: Not defining \perthousand.

LaTeX Info: Redefining \ohm on input line 70.
Package gensymb Info: Using \Omega for \ohm on input line 70.

Package gensymb Warning: Not defining \micro.

\c@lstlisting=\count360
LaTeX Font Info:    Trying to load font information for U+msa on input line 73.

(/usr/share/texlive/texmf-dist/tex/latex/amsfonts/umsa.fd
File: umsa.fd 2013/01/14 v3.01 AMS symbols A
)
LaTeX Font Info:    Trying to load font information for U+msb on input line 73.


(/usr/share/texlive/texmf-dist/tex/latex/amsfonts/umsb.fd
File: umsb.fd 2013/01/14 v3.01 AMS symbols B
)
LaTeX Font Info:    Trying to load font information for U+lasy on input line 73
.

(/usr/share/texlive/texmf-dist/tex/latex/base/ulasy.fd
File: ulasy.fd 1998/08/17 v2.2e LaTeX symbol font definitions
) [1

{/var/lib/texmf/fonts/map/pdftex/updmap/pdftex.map}] (./main.toc)
\tf@toc=\write4
\openout4 = `main.toc'.

 [2] (./tex/task.tex
(/usr/share/texlive/texmf-dist/tex/latex/listings/lstlang1.sty
File: lstlang1.sty 2020/03/24 1.8d listings language file
) [3])
(./tex/teoretical.tex
Underfull \hbox (badness 3547) in paragraph at lines 4--7
\T1/cmr/m/n/10 Mamy do dys-po-zy-cji ple-cak o mak-sy-mal-nej po-jem-no-±ci $\O
ML/cmm/m/it/10 W$ \T1/cmr/m/n/10 oraz zbiór $\OML/cmm/m/it/10 N$ \T1/cmr/m/n/10
 ele-men-tów 
 []

[4]) (./tex/practical.tex

LaTeX Warning: `!h' float specifier changed to `!ht'.

[5]
<photos/test_lin.png, id=167, 462.528pt x 346.896pt>
File: photos/test_lin.png Graphic file (type png)
<use photos/test_lin.png>
Package pdftex.def Info: photos/test_lin.png  used on input line 54.
(pdftex.def)             Requested size: 193.50076pt x 145.12894pt.
<photos/test_log.png, id=169, 462.528pt x 346.896pt>
File: photos/test_log.png Graphic file (type png)
<use photos/test_log.png>
Package pdftex.def Info: photos/test_log.png  used on input line 58.
(pdftex.def)             Requested size: 193.50076pt x 145.12894pt.


LaTeX Warning: `!h' float specifier changed to `!ht'.

[6]

Package hyperref Warning: Token not allowed in a PDF string (Unicode):
(hyperref)                removing `math shift' on input line 71.


Package hyperref Warning: Token not allowed in a PDF string (Unicode):
(hyperref)                removing `\beta' on input line 71.


Package hyperref Warning: Token not allowed in a PDF string (Unicode):
(hyperref)                removing `math shift' on input line 71.

[7 <./photos/test_lin.png> <./photos/test_log.png>] [8]) (./tex/conclusion.tex)
(./tex/figures.tex
<photos/booth_vals_lin.png, id=218, 462.528pt x 346.896pt>
File: photos/booth_vals_lin.png Graphic file (type png)
<use photos/booth_vals_lin.png>
Package pdftex.def Info: photos/booth_vals_lin.png  used on input line 6.
(pdftex.def)             Requested size: 129.00269pt x 96.7491pt.
<photos/booth_vals_log.png, id=219, 462.528pt x 346.896pt>
File: photos/booth_vals_log.png Graphic file (type png)
<use photos/booth_vals_log.png>
Package pdftex.def Info: photos/booth_vals_log.png  used on input line 10.
(pdftex.def)             Requested size: 129.00269pt x 96.7491pt.
<photos/f1_vals_lin.png, id=220, 462.528pt x 346.896pt>
File: photos/f1_vals_lin.png Graphic file (type png)
<use photos/f1_vals_lin.png>
Package pdftex.def Info: photos/f1_vals_lin.png  used on input line 15.
(pdftex.def)             Requested size: 129.00269pt x 96.7491pt.
<photos/f1_vals_log.png, id=221, 462.528pt x 346.896pt>
File: photos/f1_vals_log.png Graphic file (type png)
<use photos/f1_vals_log.png>
Package pdftex.def Info: photos/f1_vals_log.png  used on input line 19.
(pdftex.def)             Requested size: 129.00269pt x 96.7491pt.
<photos/f2_vals_lin.png, id=222, 462.528pt x 346.896pt>
File: photos/f2_vals_lin.png Graphic file (type png)
<use photos/f2_vals_lin.png>
Package pdftex.def Info: photos/f2_vals_lin.png  used on input line 24.
(pdftex.def)             Requested size: 129.00269pt x 96.7491pt.
<photos/f2_vals_log.png, id=223, 462.528pt x 346.896pt>
File: photos/f2_vals_log.png Graphic file (type png)
<use photos/f2_vals_log.png>
Package pdftex.def Info: photos/f2_vals_log.png  used on input line 28.
(pdftex.def)             Requested size: 129.00269pt x 96.7491pt.
File: photos/f2_vals_lin.png Graphic file (type png)
<use photos/f2_vals_lin.png>
Package pdftex.def Info: photos/f2_vals_lin.png  used on input line 33.
(pdftex.def)             Requested size: 129.00269pt x 96.7491pt.
<photos/f3_vals_log.png, id=224, 462.528pt x 346.896pt>
File: photos/f3_vals_log.png Graphic file (type png)
<use photos/f3_vals_log.png>
Package pdftex.def Info: photos/f3_vals_log.png  used on input line 37.
(pdftex.def)             Requested size: 129.00269pt x 96.7491pt.


LaTeX Warning: `!h' float specifier changed to `!ht'.

<photos/booth1.png, id=225, 462.528pt x 346.896pt>
File: photos/booth1.png Graphic file (type png)
<use photos/booth1.png>
Package pdftex.def Info: photos/booth1.png  used on input line 47.
(pdftex.def)             Requested size: 193.50076pt x 145.12894pt.
<photos/booth2.png, id=226, 462.528pt x 346.896pt>
File: photos/booth2.png Graphic file (type png)
<use photos/booth2.png>
Package pdftex.def Info: photos/booth2.png  used on input line 50.
(pdftex.def)             Requested size: 193.50076pt x 145.12894pt.
<photos/booth3.png, id=227, 462.528pt x 346.896pt>
File: photos/booth3.png Graphic file (type png)
<use photos/booth3.png>
Package pdftex.def Info: photos/booth3.png  used on input line 53.
(pdftex.def)             Requested size: 193.50076pt x 145.12894pt.

LaTeX Warning: `!h' float specifier changed to `!ht'.

[9]
<photos/f1_1_0.png, id=245, 462.528pt x 346.896pt>
File: photos/f1_1_0.png Graphic file (type png)
<use photos/f1_1_0.png>
Package pdftex.def Info: photos/f1_1_0.png  used on input line 62.
(pdftex.def)             Requested size: 193.50076pt x 145.12894pt.
<photos/f1_2_0.png, id=246, 462.528pt x 346.896pt>
File: photos/f1_2_0.png Graphic file (type png)
<use photos/f1_2_0.png>
Package pdftex.def Info: photos/f1_2_0.png  used on input line 65.
(pdftex.def)             Requested size: 193.50076pt x 145.12894pt.
<photos/f1_3_0.png, id=247, 462.528pt x 346.896pt>
File: photos/f1_3_0.png Graphic file (type png)
<use photos/f1_3_0.png>
Package pdftex.def Info: photos/f1_3_0.png  used on input line 68.
(pdftex.def)             Requested size: 193.50076pt x 145.12894pt.


LaTeX Warning: `!h' float specifier changed to `!ht'.

<photos/f1_1_1.png, id=248, 462.528pt x 346.896pt>
File: photos/f1_1_1.png Graphic file (type png)
<use photos/f1_1_1.png>
Package pdftex.def Info: photos/f1_1_1.png  used on input line 76.
(pdftex.def)             Requested size: 193.50076pt x 145.12894pt.
<photos/f1_2_1.png, id=249, 462.528pt x 346.896pt>
File: photos/f1_2_1.png Graphic file (type png)
<use photos/f1_2_1.png>
Package pdftex.def Info: photos/f1_2_1.png  used on input line 79.
(pdftex.def)             Requested size: 193.50076pt x 145.12894pt.
<photos/f1_3_1.png, id=250, 462.528pt x 346.896pt>
File: photos/f1_3_1.png Graphic file (type png)
<use photos/f1_3_1.png>
Package pdftex.def Info: photos/f1_3_1.png  used on input line 82.
(pdftex.def)             Requested size: 193.50076pt x 145.12894pt.

LaTeX Warning: `!h' float specifier changed to `!ht'.

<photos/f1_1_2.png, id=251, 462.528pt x 346.896pt>
File: photos/f1_1_2.png Graphic file (type png)
<use photos/f1_1_2.png>
Package pdftex.def Info: photos/f1_1_2.png  used on input line 90.
(pdftex.def)             Requested size: 193.50076pt x 145.12894pt.
<photos/f1_2_2.png, id=252, 462.528pt x 346.896pt>
File: photos/f1_2_2.png Graphic file (type png)
<use photos/f1_2_2.png>
Package pdftex.def Info: photos/f1_2_2.png  used on input line 93.
(pdftex.def)             Requested size: 193.50076pt x 145.12894pt.
<photos/f1_3_2.png, id=253, 462.528pt x 346.896pt>
File: photos/f1_3_2.png Graphic file (type png)
<use photos/f1_3_2.png>
Package pdftex.def Info: photos/f1_3_2.png  used on input line 96.
(pdftex.def)             Requested size: 193.50076pt x 145.12894pt.

LaTeX Warning: `!h' float specifier changed to `!ht'.

<photos/f2_1_0.png, id=254, 462.528pt x 346.896pt>
File: photos/f2_1_0.png Graphic file (type png)
<use photos/f2_1_0.png>
Package pdftex.def Info: photos/f2_1_0.png  used on input line 105.
(pdftex.def)             Requested size: 193.50076pt x 145.12894pt.
<photos/f2_2_0.png, id=255, 462.528pt x 346.896pt>
File: photos/f2_2_0.png Graphic file (type png)
<use photos/f2_2_0.png>
Package pdftex.def Info: photos/f2_2_0.png  used on input line 108.
(pdftex.def)             Requested size: 193.50076pt x 145.12894pt.
<photos/f2_3_0.png, id=256, 462.528pt x 346.896pt>
File: photos/f2_3_0.png Graphic file (type png)
<use photos/f2_3_0.png>
Package pdftex.def Info: photos/f2_3_0.png  used on input line 111.
(pdftex.def)             Requested size: 193.50076pt x 145.12894pt.

LaTeX Warning: `!h' float specifier changed to `!ht'.

<photos/f2_1_1.png, id=257, 462.528pt x 346.896pt>
File: photos/f2_1_1.png Graphic file (type png)
<use photos/f2_1_1.png>
Package pdftex.def Info: photos/f2_1_1.png  used on input line 119.
(pdftex.def)             Requested size: 193.50076pt x 145.12894pt.
<photos/f2_2_1.png, id=258, 462.528pt x 346.896pt>
File: photos/f2_2_1.png Graphic file (type png)
<use photos/f2_2_1.png>
Package pdftex.def Info: photos/f2_2_1.png  used on input line 122.
(pdftex.def)             Requested size: 193.50076pt x 145.12894pt.
<photos/f2_3_1.png, id=259, 462.528pt x 346.896pt>
File: photos/f2_3_1.png Graphic file (type png)
<use photos/f2_3_1.png>
Package pdftex.def Info: photos/f2_3_1.png  used on input line 125.
(pdftex.def)             Requested size: 193.50076pt x 145.12894pt.

LaTeX Warning: `!h' float specifier changed to `!ht'.

<photos/f2_1_2.png, id=260, 462.528pt x 346.896pt>
File: photos/f2_1_2.png Graphic file (type png)
<use photos/f2_1_2.png>
Package pdftex.def Info: photos/f2_1_2.png  used on input line 133.
(pdftex.def)             Requested size: 193.50076pt x 145.12894pt.
<photos/f2_2_2.png, id=261, 462.528pt x 346.896pt>
File: photos/f2_2_2.png Graphic file (type png)
<use photos/f2_2_2.png>
Package pdftex.def Info: photos/f2_2_2.png  used on input line 136.
(pdftex.def)             Requested size: 193.50076pt x 145.12894pt.
<photos/f2_3_2.png, id=262, 462.528pt x 346.896pt>
File: photos/f2_3_2.png Graphic file (type png)
<use photos/f2_3_2.png>
Package pdftex.def Info: photos/f2_3_2.png  used on input line 139.
(pdftex.def)             Requested size: 193.50076pt x 145.12894pt.

LaTeX Warning: `!h' float specifier changed to `!ht'.

<photos/f3_1_0.png, id=263, 462.528pt x 346.896pt>
File: photos/f3_1_0.png Graphic file (type png)
<use photos/f3_1_0.png>
Package pdftex.def Info: photos/f3_1_0.png  used on input line 148.
(pdftex.def)             Requested size: 193.50076pt x 145.12894pt.
<photos/f3_2_0.png, id=264, 462.528pt x 346.896pt>
File: photos/f3_2_0.png Graphic file (type png)
<use photos/f3_2_0.png>
Package pdftex.def Info: photos/f3_2_0.png  used on input line 151.
(pdftex.def)             Requested size: 193.50076pt x 145.12894pt.
<photos/f3_3_0.png, id=265, 462.528pt x 346.896pt>
File: photos/f3_3_0.png Graphic file (type png)
<use photos/f3_3_0.png>
Package pdftex.def Info: photos/f3_3_0.png  used on input line 154.
(pdftex.def)             Requested size: 193.50076pt x 145.12894pt.

LaTeX Warning: `!h' float specifier changed to `!ht'.

<photos/f3_1_1.png, id=266, 462.528pt x 346.896pt>
File: photos/f3_1_1.png Graphic file (type png)
<use photos/f3_1_1.png>
Package pdftex.def Info: photos/f3_1_1.png  used on input line 162.
(pdftex.def)             Requested size: 193.50076pt x 145.12894pt.
<photos/f3_2_1.png, id=267, 462.528pt x 346.896pt>
File: photos/f3_2_1.png Graphic file (type png)
<use photos/f3_2_1.png>
Package pdftex.def Info: photos/f3_2_1.png  used on input line 165.
(pdftex.def)             Requested size: 193.50076pt x 145.12894pt.
<photos/f3_3_1.png, id=268, 462.528pt x 346.896pt>
File: photos/f3_3_1.png Graphic file (type png)
<use photos/f3_3_1.png>
Package pdftex.def Info: photos/f3_3_1.png  used on input line 168.
(pdftex.def)             Requested size: 193.50076pt x 145.12894pt.

LaTeX Warning: `!h' float specifier changed to `!ht'.

<photos/f3_1_2.png, id=269, 462.528pt x 346.896pt>
File: photos/f3_1_2.png Graphic file (type png)
<use photos/f3_1_2.png>
Package pdftex.def Info: photos/f3_1_2.png  used on input line 176.
(pdftex.def)             Requested size: 193.50076pt x 145.12894pt.
<photos/f3_2_2.png, id=270, 462.528pt x 346.896pt>
File: photos/f3_2_2.png Graphic file (type png)
<use photos/f3_2_2.png>
Package pdftex.def Info: photos/f3_2_2.png  used on input line 179.
(pdftex.def)             Requested size: 193.50076pt x 145.12894pt.
<photos/f3_3_2.png, id=271, 462.528pt x 346.896pt>
File: photos/f3_3_2.png Graphic file (type png)
<use photos/f3_3_2.png>
Package pdftex.def Info: photos/f3_3_2.png  used on input line 182.
(pdftex.def)             Requested size: 193.50076pt x 145.12894pt.

LaTeX Warning: `!h' float specifier changed to `!ht'.

) 
AED: lastpage setting LastPage
[10 <./photos/booth_vals_lin.png> <./photos/booth_vals_log.png> <./photos/f1_va
ls_lin.png> <./photos/f1_vals_log.png> <./photos/f2_vals_lin.png> <./photos/f2_
vals_log.png> <./photos/f3_vals_log.png>] [11 <./photos/booth1.png> <./photos/b
ooth2.png> <./photos/booth3.png>] [12 <./photos/f1_1_0.png> <./photos/f1_2_0.pn
g> <./photos/f1_3_0.png>] [13 <./photos/f1_1_1.png> <./photos/f1_2_1.png> <./ph
otos/f1_3_1.png>] [14 <./photos/f1_1_2.png> <./photos/f1_2_2.png> <./photos/f1_
3_2.png>] [15 <./photos/f2_1_0.png> <./photos/f2_2_0.png> <./photos/f2_3_0.png>
] [16 <./photos/f2_1_1.png> <./photos/f2_2_1.png> <./photos/f2_3_1.png>]
[17 <./photos/f2_1_2.png> <./photos/f2_2_2.png> <./photos/f2_3_2.png>] [18 <./p
hotos/f3_1_0.png> <./photos/f3_2_0.png> <./photos/f3_3_0.png>] [19 <./photos/f3
_1_1.png> <./photos/f3_2_1.png> <./photos/f3_3_1.png>] [20 <./photos/f3_1_2.png
> <./photos/f3_2_2.png> <./photos/f3_3_2.png>] (./main.aux)

LaTeX Warning: Label(s) may have changed. Rerun to get cross-references right.


Package rerunfilecheck Warning: File `main.out' has changed.
(rerunfilecheck)                Rerun to get outlines right
(rerunfilecheck)                or use package `bookmark'.

Package rerunfilecheck Info: Checksums for `main.out':
(rerunfilecheck)             Before: C290C378156891652A246ECBE6E00563;3256
(rerunfilecheck)             After:  4FF22A703FBFDD5EED5ABA4CD364B99B;2929.
 ) 
Here is how much of TeX's memory you used:
 20144 strings out of 480139
 335275 string characters out of 5893694
 827226 words of memory out of 5000000
 37639 multiletter control sequences out of 15000+600000
 483415 words of font info for 70 fonts, out of 8000000 for 9000
 79 hyphenation exceptions out of 8191
 67i,10n,85p,907b,1555s stack positions out of 5000i,500n,10000p,200000b,80000s
pdfTeX warning (dest): name{section.6} has been referenced but does not exist
, replaced by a fixed one

pdfTeX warning (dest): name{subsubsection.4.2.2} has been referenced but does n
ot exist, replaced by a fixed one

pdfTeX warning (dest): name{subsubsection.4.2.1} has been referenced but does n
ot exist, replaced by a fixed one

pdfTeX warning (dest): name{subsection.4.2} has been referenced but does not ex
ist, replaced by a fixed one

pdfTeX warning (dest): name{subsubsection.4.1.3} has been referenced but does n
ot exist, replaced by a fixed one

pdfTeX warning (dest): name{subsubsection.4.1.2} has been referenced but does n
ot exist, replaced by a fixed one

pdfTeX warning (dest): name{subsubsection.4.1.1} has been referenced but does n
ot exist, replaced by a fixed one

pdfTeX warning (dest): name{subsection.4.1} has been referenced but does not ex
ist, replaced by a fixed one

 </home/jangor/.texlive2021/texmf-var/fonts/pk/ljfour/jknappen/ec/ecrm0900.600p
k> </home/jangor/.texlive2021/texmf-var/fonts/pk/ljfour/jknappen/ec/tcrm1000.60
0pk> </home/jangor/.texlive2021/texmf-var/fonts/pk/ljfour/jknappen/ec/ecti1000.
600pk> </home/jangor/.texlive2021/texmf-var/fonts/pk/ljfour/jknappen/ec/ecbx120
0.600pk> </home/jangor/.texlive2021/texmf-var/fonts/pk/ljfour/jknappen/ec/ecbx1
000.600pk> </home/jangor/.texlive2021/texmf-var/fonts/pk/ljfour/jknappen/ec/ecb
x1440.600pk> </home/jangor/.texlive2021/texmf-var/fonts/pk/ljfour/jknappen/ec/e
crm1000.600pk> </home/jangor/.texlive2021/texmf-var/fonts/pk/ljfour/jknappen/ec
/ecrm1200.600pk> </home/jangor/.texlive2021/texmf-var/fonts/pk/ljfour/jknappen/
ec/ecrm1728.600pk></usr/share/texlive/texmf-dist/fonts/type1/public/amsfonts/cm
/cmex10.pfb></usr/share/texlive/texmf-dist/fonts/type1/public/amsfonts/cm/cmmi1
0.pfb></usr/share/texlive/texmf-dist/fonts/type1/public/amsfonts/cm/cmmi7.pfb><
/usr/share/texlive/texmf-dist/fonts/type1/public/amsfonts/cm/cmr10.pfb></usr/sh
are/texlive/texmf-dist/fonts/type1/public/amsfonts/cm/cmr7.pfb></usr/share/texl
ive/texmf-dist/fonts/type1/public/amsfonts/cm/cmsy10.pfb></usr/share/texlive/te
xmf-dist/fonts/type1/public/amsfonts/cm/cmsy7.pfb></usr/share/texlive/texmf-dis
t/fonts/type1/public/amsfonts/symbols/msbm10.pfb>
Output written on main.pdf (20 pages, 2062563 bytes).
PDF statistics:
 712 PDF objects out of 1000 (max. 8388607)
 337 compressed objects within 4 object streams
 118 named destinations out of 1000 (max. 500000)
 364 words of extra memory for PDF output out of 10000 (max. 10000000)

